make all --print-data-base --no-builtin-variables --no-builtin-rules --question
# GNU Make 3.81
# Copyright (C) 2006  Free Software Foundation, Inc.
# This is free software; see the source for copying conditions.
# There is NO warranty; not even for MERCHANTABILITY or FITNESS FOR A
# PARTICULAR PURPOSE.

# This program built for i386-apple-darwin11.3.0

# Make data base, printed on Thu May 12 18:08:26 2022

# Variables

# automatic
<D = $(patsubst %/,%,$(dir $<))
# automatic
?F = $(notdir $?)
# environment
PROVIDE_FULLSTACK_ACTION = true
# environment
LANG = C
# environment
VSCODE_LOG_NATIVE = false
# automatic
?D = $(patsubst %/,%,$(dir $?))
# environment
GRADLE_HOME = /Users/jarodezago/.sdkman/candidates/gradle/current
# environment
CPPFLAGS = -I/usr/local/opt/protobuf@3.6/include
# automatic
@D = $(patsubst %/,%,$(dir $@))
# automatic
@F = $(notdir $@)
# makefile
CURDIR := /Users/jarodezago/Documents/dev/go/src/github.com/intelitecs/iwals
# makefile
SHELL = /bin/sh
# environment
VSCODE_NLS_CONFIG = {"locale":"fr","availableLanguages":{"*":"fr"},"_languagePackId":"f62d0d328ea2a469bad3c39b06263023.fr","_translationsConfigFile":"/Users/jarodezago/Library/Application Support/Code/clp/f62d0d328ea2a469bad3c39b06263023.fr/tcf.json","_cacheRoot":"/Users/jarodezago/Library/Application Support/Code/clp/f62d0d328ea2a469bad3c39b06263023.fr","_resolvedLanguagePackCoreLocation":"/Users/jarodezago/Library/Application Support/Code/clp/f62d0d328ea2a469bad3c39b06263023.fr/57fd6d0195bb9b9d1b49f6da5db789060795de47","_corruptedFile":"/Users/jarodezago/Library/Application Support/Code/clp/f62d0d328ea2a469bad3c39b06263023.fr/corrupted.info","_languagePackSupport":true}
# environment
_ = /usr/bin/make
# environment
MAVEN_HOME = /Users/jarodezago/.sdkman/candidates/maven/current
# makefile (from `Makefile', line 1)
MAKEFILE_LIST :=  Makefile
# environment
SCALA_HOME = /Users/jarodezago/.sdkman/candidates/scala/current
# environment
VSCODE_AMD_ENTRYPOINT = vs/workbench/api/node/extensionHostProcess
# environment
VSCODE_VERBOSE_LOGGING = true
# environment
__CFBundleIdentifier = com.microsoft.VSCode
# makefile (from `Makefile', line 2)
CA_CONFIG_PATH = internal/auth/ca
# environment
VSCODE_IPC_HOOK_EXTHOST = /var/folders/nl/9rqxvrtj10dggd2872ny7tgw0000gn/T/vscode-ipc-ac583b0c-af07-4c6f-a5e0-0136d1ca4eb7.sock
# environment
VSCODE_CWD = /
# environment
GOPROXY = https://proxy.golang.org,direct
# environment
PATH = /Users/jarodezago/google-cloud-sdk/bin:/Users/jarodezago/Documents/dev/go/bin:/usr/local/opt/protobuf@3.6/bin:/Users/jarodezago/.sdkman/candidates/scala/current/bin:/Users/jarodezago/.sdkman/candidates/sbt/current/bin:/Users/jarodezago/.sdkman/candidates/maven/current/bin:/Users/jarodezago/.sdkman/candidates/kotlin/current/bin:/Users/jarodezago/.sdkman/candidates/groovy/current/bin:/Users/jarodezago/.sdkman/candidates/gradle/current/bin:/Users/jarodezago/.local/bin:/Users/jarodezago/.cabal/bin:/Users/jarodezago/.ghcup/bin:/Users/jarodezago/anaconda3/bin:/Users/jarodezago/anaconda3/condabin:/usr/local/bin:/usr/bin:/bin:/usr/sbin:/sbin:/usr/local/go/bin:/usr/local/share/dotnet:/Library/Apple/usr/bin:/Applications/Postgres.app/Contents/Versions/latest/bin:/Users/jarodezago/.cargo/bin
# environment
GOLANG_EXECUTABLE = go
# environment
THREE_SCALE_USER_TOKEN = 207c527cfc2a6b8dcf4fa43ad7a976da
# environment
SDKMAN_CANDIDATES_API = https://api.sdkman.io/2
# environment
GOPATH = /Users/jarodezago/Documents/dev/go
# makefile (from `Makefile', line 1)
CONFIG_PATH = ${HOME}/.iwals
# environment
SDKMAN_PLATFORM = DarwinX64
# environment
VSCODE_LOG_STACK = false
# environment
ELECTRON_RUN_AS_NODE = 1
# environment
LDFLAGS = -L/usr/loccal/opt/protobuf@3.6/lib
# default
.FEATURES := target-specific order-only second-expansion else-if archives jobserver check-symlink
# makefile (from `Makefile', line 61)
TAG = 0.0.1
# environment
UUID = 9a76ec19-25d2-4642-9a91-f38449074d4a
# environment
SSH_AUTH_SOCK = /private/tmp/com.apple.launchd.pOzAMBB3mA/Listeners
# automatic
%F = $(notdir $%)
# environment
CONDA_EXE = /Users/jarodezago/anaconda3/bin/conda
# environment
VSCODE_PIPE_LOGGING = true
# environment
SDKMAN_DIR = /Users/jarodezago/.sdkman
# environment
PWD = /Users/jarodezago/Documents/dev/go/src/github.com/intelitecs/iwals
# environment
GROOVY_HOME = /Users/jarodezago/.sdkman/candidates/groovy/current
# environment
ORIGINAL_XDG_CURRENT_DESKTOP = undefined
# environment
KOTLIN_HOME = /Users/jarodezago/.sdkman/candidates/kotlin/current
# environment
GOMODCACHE = /Users/jarodezago/Documents/dev/go/pkg/mod
# environment
HOME = /Users/jarodezago
# default
MAKEFILEPATH = $(shell /usr/bin/xcode-select -print-path 2>/dev/null || echo /Developer)/Makefiles
# environment
VSCODE_CODE_CACHE_PATH = /Users/jarodezago/Library/Application Support/Code/CachedData/57fd6d0195bb9b9d1b49f6da5db789060795de47
# environment
LOGNAME = jarodezago
# environment
APPLICATION_INSIGHTS_NO_DIAGNOSTIC_CHANNEL = 1
# environment
CONDA_PROMPT_MODIFIER = (base) 
# environment
NVM_CD_FLAGS = -q
# environment
TELEMETRY_ID = 2dbc4671-73af-4292-90f9-bc24af410437
# environment
VSCODE_HANDLES_UNCAUGHT_ERRORS = true
# automatic
^D = $(patsubst %/,%,$(dir $^))
# environment
CONDA_DEFAULT_ENV = base
# environment
XPC_FLAGS = 0x0
# environment
SDKMAN_VERSION = 5.11.0+644
# default
MAKE = $(MAKE_COMMAND)
# default
MAKECMDGOALS := all
# environment
SHLVL = 1
# environment
SBT_HOME = /Users/jarodezago/.sdkman/candidates/sbt/current
# environment
JAVA_HOME = /Library/Java/JavaVirtualMachines/jdk-15.0.2.jdk/Contents/Home
# default
MAKE_VERSION := 3.81
# environment
USER = jarodezago
# makefile
.DEFAULT_GOAL := init
# automatic
%D = $(patsubst %/,%,$(dir $%))
# environment
CONDA_SHLVL = 1
# default
MAKE_COMMAND := /Library/Developer/CommandLineTools/usr/bin/make
# environment
UTM_SOURCE = vscode
# default
.VARIABLES := 
# environment
TMPDIR = /var/folders/nl/9rqxvrtj10dggd2872ny7tgw0000gn/T/
# automatic
*F = $(notdir $*)
# environment
VSCODE_IPC_HOOK = /Users/jarodezago/Library/Application Support/Code/1.67.0-main.sock
# makefile
MAKEFLAGS = Rrqp
# environment
MFLAGS = -Rrqp
# automatic
*D = $(patsubst %/,%,$(dir $*))
# environment
NVM_DIR = /Users/jarodezago/.nvm
# environment
XPC_SERVICE_NAME = application.com.microsoft.VSCode.45786088.45786094
# automatic
+D = $(patsubst %/,%,$(dir $+))
# environment
RECOMMENDER_API_URL = https://gw.api.openshift.io//api/v2
# automatic
+F = $(notdir $+)
# environment
__CF_USER_TEXT_ENCODING = 0x1F5:0x0:0x1
# environment
COMMAND_MODE = unix2003
# default
MAKEFILES := 
# automatic
<F = $(notdir $<)
# environment
SDKMAN_CANDIDATES_DIR = /Users/jarodezago/.sdkman/candidates
# environment
LC_ALL = C
# environment
CONDA_PYTHON_EXE = /Users/jarodezago/anaconda3/bin/python
# automatic
^F = $(notdir $^)
# default
SUFFIXES := 
# environment
_CE_M = 
# default
.INCLUDE_DIRS = /usr/local/include
# environment
MAKELEVEL := 0
# environment
CONDA_PREFIX = /Users/jarodezago/anaconda3
# environment
VSCODE_PID = 73246
# environment
_CE_CONDA = 
# environment
NVM_RC_VERSION = 
# variable set hash-table stats:
# Load=100/1024=10%, Rehash=0, Collisions=6/133=5%

# Pattern-specific Variable Values

# No pattern-specific variable values.

# Directories

# . (device 16777225, inode 45158382): 18 files, no impossibilities.

# 18 files, no impossibilities in 1 directories.

# Implicit Rules

# No implicit rules.

# Files

protobuf:
#  Implicit rule search has not been done.
#  Modification time never checked.
#  File has not been updated.
#  commands to execute (from `Makefile', line 41):
	protoc --go_out=:api/v1 \
	--go-grpc_out=require_unimplemented_servers=false:api/v1 \
	--go_opt=paths=source_relative \
	--go-grpc_opt=paths=source_relative \
	--proto_path=:api/v1/protos \
	api/v1/protos/*.proto
	

# Not a target:
all:
#  Command-line target.
#  Implicit rule search has been done.
#  File does not exist.
#  File has not been updated.
# variable set hash-table stats:
# Load=0/32=0%, Rehash=0, Collisions=0/0=0%

.PHONY: init gencert generate test
#  Implicit rule search has not been done.
#  Modification time never checked.
#  File has not been updated.

/Users/jarodezago/.iwals/model.conf:
#  Implicit rule search has not been done.
#  Modification time never checked.
 
make: *** No rule to make target `all'.  Stop.

#  File has not been updated.
#  commands to execute (from `Makefile', line 32):
	cp  internal/auth/model.conf $(CONFIG_PATH)/model.conf
	

# Not a target:
.SUFFIXES:
#  Implicit rule search has not been done.
#  Modification time never checked.
#  File has not been updated.

# Not a target:
Makefile:
#  Implicit rule search has been done.
#  Last modified 2022-04-28 11:26:49
#  File has been updated.
#  Successfully updated.
# variable set hash-table stats:
# Load=0/32=0%, Rehash=0, Collisions=0/0=0%

test: /Users/jarodezago/.iwals/model.conf /Users/jarodezago/.iwals/policy.csv
#  Phony target (prerequisite of .PHONY).
#  Implicit rule search has not been done.
#  File does not exist.
#  File has not been updated.
#  commands to execute (from `Makefile', line 59):
	go test -v -race ./test/...
	

gencert:
#  Phony target (prerequisite of .PHONY).
#  Implicit rule search has not been done.
#  File does not exist.
#  File has not been updated.
#  commands to execute (from `Makefile', line 10):
	cfssl gencert -initca ${CA_CONFIG_PATH}/ca-csr.json | cfssljson -bare ca
	cfssl gencert -ca=ca.pem \
	-ca-key=ca-key.pem \
	-config=${CA_CONFIG_PATH}/ca-config.json \
	-profile=server ${CA_CONFIG_PATH}/server-csr.json | cfssljson -bare server
	cfssl gencert -ca=ca.pem \
	-ca-key=ca-key.pem \
	-config=${CA_CONFIG_PATH}/ca-config.json \
	-cn="root" \
	-profile=client ${CA_CONFIG_PATH}/client-csr.json | cfssljson -bare root-client
	cfssl gencert -ca=ca.pem \
	-ca-key=ca-key.pem \
	-config=${CA_CONFIG_PATH}/ca-config.json \
	-cn="nobody" \
	-profile=client ${CA_CONFIG_PATH}/client-csr.json | cfssljson -bare  nobody-client		  
	mv *.pem *.csr ${CONFIG_PATH}
	

generate: gencert protobuf
#  Phony target (prerequisite of .PHONY).
#  Implicit rule search has not been done.
#  File does not exist.
#  File has not been updated.
#  commands to execute (from `Makefile', line 52):
	echo "Generatiion done!"
	

# Not a target:
.DEFAULT:
#  Implicit rule search has not been done.
#  Modification time never checked.
#  File has not been updated.

build-docker:
#  Implicit rule search has not been done.
#  Modification time never checked.
#  File has not been updated.
#  commands to execute (from `Makefile', line 64):
	docker build -t iwals:$(TAG) .
	

init:
#  Phony target (prerequisite of .PHONY).
#  Implicit rule search has not been done.
#  File does not exist.
#  File has not been updated.
#  commands to execute (from `Makefile', line 6):
	mkdir -p ${CONFIG_PATH}
	

main:
#  Implicit rule search has not been done.
#  Modification time never checked.
#  File has not been updated.
#  commands to execute (from `Makefile', line 38):
	go run cmd/main.go
	

/Users/jarodezago/.iwals/policy.csv:
#  Implicit rule search has not been done.
#  Modification time never checked.
#  File has not been updated.
#  commands to execute (from `Makefile', line 35):
	cp internal/auth/policy.csv $(CONFIG_PATH)/policy.csv
	

# files hash-table stats:
# Load=14/1024=1%, Rehash=0, Collisions=0/37=0%
# VPATH Search Paths

# No `vpath' search paths.

# No general (`VPATH' variable) search path.

# # of strings in strcache: 1
# # of strcache buffers: 1
# strcache size: total = 4096 / max = 4096 / min = 4096 / avg = 4096
# strcache free: total = 4087 / max = 4087 / min = 4087 / avg = 4087

# Finished Make data base on Thu May 12 18:08:26 2022

 
